{"/Users/manuelsilva/Desktop/manu/pruebas/motorway-test/server/src/index.ts": {"path":"/Users/manuelsilva/Desktop/manu/pruebas/motorway-test/server/src/index.ts","statementMap":{"0":{"start":{"line":1,"column":0},"end":{"line":1,"column":37}},"1":{"start":{"line":2,"column":0},"end":{"line":2,"column":24}},"2":{"start":{"line":3,"column":0},"end":{"line":3,"column":28}},"3":{"start":{"line":4,"column":0},"end":{"line":4,"column":47}},"4":{"start":{"line":6,"column":0},"end":{"line":6,"column":44}},"5":{"start":{"line":7,"column":0},"end":{"line":7,"column":65}},"6":{"start":{"line":8,"column":0},"end":{"line":8,"column":44}},"7":{"start":{"line":9,"column":0},"end":{"line":9,"column":56}},"8":{"start":{"line":10,"column":0},"end":{"line":10,"column":30}},"9":{"start":{"line":12,"column":0},"end":{"line":12,"column":16}},"10":{"start":{"line":14,"column":13},"end":{"line":14,"column":37}},"11":{"start":{"line":16,"column":25},"end":{"line":16,"column":34}},"12":{"start":{"line":18,"column":0},"end":{"line":18,"column":29}},"13":{"start":{"line":20,"column":0},"end":{"line":20,"column":16}},"14":{"start":{"line":23,"column":0},"end":{"line":27,"column":2}},"15":{"start":{"line":29,"column":0},"end":{"line":29,"column":27}},"16":{"start":{"line":31,"column":0},"end":{"line":31,"column":27}},"17":{"start":{"line":33,"column":0},"end":{"line":33,"column":22}},"18":{"start":{"line":35,"column":0},"end":{"line":37,"column":3}},"19":{"start":{"line":36,"column":2},"end":{"line":36,"column":65}}},"fnMap":{"0":{"name":"(anonymous_1)","decl":{"start":{"line":35,"column":17},"end":{"line":35,"column":20}},"loc":{"start":{"line":35,"column":22},"end":{"line":37,"column":1}}}},"branchMap":{"0":{"loc":{"start":{"line":14,"column":13},"end":{"line":14,"column":37}},"type":"binary-expr","locations":[{"start":{"line":14,"column":13},"end":{"line":14,"column":29}},{"start":{"line":14,"column":33},"end":{"line":14,"column":37}}]}},"s":{"0":0,"1":0,"2":0,"3":0,"4":0,"5":0,"6":0,"7":0,"8":0,"9":0,"10":0,"11":0,"12":0,"13":0,"14":0,"15":0,"16":0,"17":0,"18":0,"19":0},"f":{"0":0},"b":{"0":[0,0]}}
,"/Users/manuelsilva/Desktop/manu/pruebas/motorway-test/server/src/components/Statelogs/index.ts": {"path":"/Users/manuelsilva/Desktop/manu/pruebas/motorway-test/server/src/components/Statelogs/index.ts","statementMap":{"0":{"start":{"line":1,"column":0},"end":{"line":1,"column":7}},"1":{"start":{"line":5,"column":9},"end":{"line":1,"column":65}}},"fnMap":{},"branchMap":{},"s":{"0":1,"1":1},"f":{},"b":{}}
,"/Users/manuelsilva/Desktop/manu/pruebas/motorway-test/server/src/components/Statelogs/models/StateLog.ts": {"path":"/Users/manuelsilva/Desktop/manu/pruebas/motorway-test/server/src/components/Statelogs/models/StateLog.ts","statementMap":{"0":{"start":{"line":1,"column":0},"end":{"line":1,"column":78}},"1":{"start":{"line":2,"column":0},"end":{"line":2,"column":56}},"2":{"start":{"line":5,"column":7},"end":{"line":22,"column":null}},"3":{"start":{"line":5,"column":13},"end":{"line":5,"column":21}},"4":{"start":{"line":11,"column":2},"end":{"line":11,"column":null}},"5":{"start":{"line":15,"column":2},"end":{"line":15,"column":null}},"6":{"start":{"line":13,"column":22},"end":{"line":13,"column":29}},"7":{"start":{"line":18,"column":2},"end":{"line":18,"column":null}},"8":{"start":{"line":21,"column":2},"end":{"line":21,"column":null}},"9":{"start":{"line":5,"column":13},"end":{"line":22,"column":null}}},"fnMap":{"0":{"name":"(anonymous_2)","decl":{"start":{"line":13,"column":12},"end":{"line":13,"column":13}},"loc":{"start":{"line":13,"column":22},"end":{"line":13,"column":29}}}},"branchMap":{},"s":{"0":2,"1":2,"2":2,"3":2,"4":2,"5":2,"6":0,"7":2,"8":2,"9":2},"f":{"0":0},"b":{}}
,"/Users/manuelsilva/Desktop/manu/pruebas/motorway-test/server/src/components/Statelogs/repository/mostRecentPriorQuery.ts": {"path":"/Users/manuelsilva/Desktop/manu/pruebas/motorway-test/server/src/components/Statelogs/repository/mostRecentPriorQuery.ts","statementMap":{"0":{"start":{"line":1,"column":0},"end":{"line":1,"column":48}},"1":{"start":{"line":8,"column":2},"end":{"line":32,"column":4}},"2":{"start":{"line":4,"column":0},"end":{"line":4,"column":24}}},"fnMap":{"0":{"name":"mostRecentPriorState","decl":{"start":{"line":4,"column":24},"end":{"line":4,"column":44}},"loc":{"start":{"line":6,"column":19},"end":{"line":33,"column":1}}}},"branchMap":{},"s":{"0":2,"1":0,"2":2},"f":{"0":0},"b":{}}
,"/Users/manuelsilva/Desktop/manu/pruebas/motorway-test/server/src/components/Statelogs/repository/stateLogRepository.ts": {"path":"/Users/manuelsilva/Desktop/manu/pruebas/motorway-test/server/src/components/Statelogs/repository/stateLogRepository.ts","statementMap":{"0":{"start":{"line":2,"column":0},"end":{"line":2,"column":58}},"1":{"start":{"line":8,"column":0},"end":{"line":17,"column":24}},"2":{"start":{"line":13,"column":16},"end":{"line":13,"column":64}},"3":{"start":{"line":14,"column":4},"end":{"line":14,"column":34}},"4":{"start":{"line":14,"column":22},"end":{"line":14,"column":34}},"5":{"start":{"line":15,"column":4},"end":{"line":15,"column":18}}},"fnMap":{"0":{"name":"(anonymous_1)","decl":{"start":{"line":9,"column":21},"end":{"line":9,"column":26}},"loc":{"start":{"line":12,"column":31},"end":{"line":16,"column":3}}}},"branchMap":{"0":{"loc":{"start":{"line":14,"column":4},"end":{"line":14,"column":34}},"type":"if","locations":[{"start":{"line":14,"column":4},"end":{"line":14,"column":34}}]}},"s":{"0":2,"1":2,"2":2,"3":2,"4":1,"5":1},"f":{"0":2},"b":{"0":[1]}}
,"/Users/manuelsilva/Desktop/manu/pruebas/motorway-test/server/src/components/Vehicles/routes.ts": {"path":"/Users/manuelsilva/Desktop/manu/pruebas/motorway-test/server/src/components/Vehicles/routes.ts","statementMap":{"0":{"start":{"line":1,"column":0},"end":{"line":1,"column":33}},"1":{"start":{"line":2,"column":0},"end":{"line":2,"column":50}},"2":{"start":{"line":3,"column":0},"end":{"line":3,"column":50}},"3":{"start":{"line":4,"column":0},"end":{"line":4,"column":55}},"4":{"start":{"line":6,"column":22},"end":{"line":6,"column":30}},"5":{"start":{"line":8,"column":23},"end":{"line":8,"column":57}},"6":{"start":{"line":10,"column":0},"end":{"line":10,"column":54}},"7":{"start":{"line":12,"column":0},"end":{"line":12,"column":29}}},"fnMap":{},"branchMap":{},"s":{"0":0,"1":0,"2":0,"3":0,"4":0,"5":0,"6":0,"7":0},"f":{},"b":{}}
,"/Users/manuelsilva/Desktop/manu/pruebas/motorway-test/server/src/components/Vehicles/controllers/GetVehicle.ts": {"path":"/Users/manuelsilva/Desktop/manu/pruebas/motorway-test/server/src/components/Vehicles/controllers/GetVehicle.ts","statementMap":{"0":{"start":{"line":1,"column":0},"end":{"line":1,"column":26}},"1":{"start":{"line":4,"column":0},"end":{"line":4,"column":51}},"2":{"start":{"line":9,"column":15},"end":{"line":9,"column":34}},"3":{"start":{"line":10,"column":16},"end":{"line":10,"column":55}},"4":{"start":{"line":11,"column":2},"end":{"line":13,"column":4}},"5":{"start":{"line":17,"column":15},"end":{"line":17,"column":25}},"6":{"start":{"line":18,"column":2},"end":{"line":18,"column":51}},"7":{"start":{"line":24,"column":2},"end":{"line":51,"column":4}},"8":{"start":{"line":25,"column":19},"end":{"line":25,"column":29}},"9":{"start":{"line":26,"column":18},"end":{"line":26,"column":27}},"10":{"start":{"line":28,"column":4},"end":{"line":50,"column":5}},"11":{"start":{"line":29,"column":6},"end":{"line":29,"column":62}},"12":{"start":{"line":32,"column":17},"end":{"line":32,"column":34}},"13":{"start":{"line":33,"column":25},"end":{"line":33,"column":54}},"14":{"start":{"line":35,"column":6},"end":{"line":41,"column":7}},"15":{"start":{"line":36,"column":8},"end":{"line":36,"column":64}},"16":{"start":{"line":37,"column":8},"end":{"line":39,"column":11}},"17":{"start":{"line":40,"column":8},"end":{"line":40,"column":15}},"18":{"start":{"line":43,"column":22},"end":{"line":43,"column":68}},"19":{"start":{"line":45,"column":6},"end":{"line":45,"column":65}},"20":{"start":{"line":46,"column":6},"end":{"line":46,"column":34}},"21":{"start":{"line":48,"column":6},"end":{"line":48,"column":65}},"22":{"start":{"line":49,"column":6},"end":{"line":49,"column":20}},"23":{"start":{"line":21,"column":0},"end":{"line":21,"column":24}}},"fnMap":{"0":{"name":"dateIsValid","decl":{"start":{"line":7,"column":9},"end":{"line":7,"column":20}},"loc":{"start":{"line":7,"column":38},"end":{"line":14,"column":1}}},"1":{"name":"getCurrentDate","decl":{"start":{"line":16,"column":9},"end":{"line":16,"column":23}},"loc":{"start":{"line":16,"column":23},"end":{"line":19,"column":1}}},"2":{"name":"GetVehicle","decl":{"start":{"line":21,"column":24},"end":{"line":21,"column":34}},"loc":{"start":{"line":22,"column":32},"end":{"line":52,"column":1}}},"3":{"name":"(anonymous_4)","decl":{"start":{"line":24,"column":9},"end":{"line":24,"column":14}},"loc":{"start":{"line":24,"column":68},"end":{"line":51,"column":3}}}},"branchMap":{"0":{"loc":{"start":{"line":12,"column":4},"end":{"line":12,"column":75}},"type":"binary-expr","locations":[{"start":{"line":12,"column":4},"end":{"line":12,"column":24}},{"start":{"line":12,"column":28},"end":{"line":12,"column":50}},{"start":{"line":12,"column":54},"end":{"line":12,"column":75}}]},"1":{"loc":{"start":{"line":33,"column":25},"end":{"line":33,"column":54}},"type":"binary-expr","locations":[{"start":{"line":33,"column":25},"end":{"line":33,"column":34}},{"start":{"line":33,"column":38},"end":{"line":33,"column":54}}]},"2":{"loc":{"start":{"line":35,"column":6},"end":{"line":41,"column":7}},"type":"if","locations":[{"start":{"line":35,"column":6},"end":{"line":41,"column":7}}]}},"s":{"0":1,"1":1,"2":4,"3":4,"4":4,"5":1,"6":1,"7":2,"8":4,"9":4,"10":4,"11":4,"12":4,"13":4,"14":4,"15":1,"16":1,"17":1,"18":3,"19":2,"20":2,"21":1,"22":1,"23":1},"f":{"0":4,"1":1,"2":2,"3":4},"b":{"0":[4,4,4],"1":[4,1],"2":[1]}}
,"/Users/manuelsilva/Desktop/manu/pruebas/motorway-test/server/src/components/Vehicles/models/Vehicle.ts": {"path":"/Users/manuelsilva/Desktop/manu/pruebas/motorway-test/server/src/components/Vehicles/models/Vehicle.ts","statementMap":{"0":{"start":{"line":1,"column":0},"end":{"line":1,"column":56}},"1":{"start":{"line":4,"column":7},"end":{"line":16,"column":null}},"2":{"start":{"line":4,"column":13},"end":{"line":4,"column":20}},"3":{"start":{"line":6,"column":2},"end":{"line":6,"column":null}},"4":{"start":{"line":9,"column":2},"end":{"line":9,"column":null}},"5":{"start":{"line":12,"column":2},"end":{"line":12,"column":null}},"6":{"start":{"line":15,"column":2},"end":{"line":15,"column":null}},"7":{"start":{"line":4,"column":13},"end":{"line":16,"column":null}}},"fnMap":{},"branchMap":{},"s":{"0":2,"1":2,"2":2,"3":2,"4":2,"5":2,"6":2,"7":2},"f":{},"b":{}}
,"/Users/manuelsilva/Desktop/manu/pruebas/motorway-test/server/src/components/Vehicles/services/vehicleService.ts": {"path":"/Users/manuelsilva/Desktop/manu/pruebas/motorway-test/server/src/components/Vehicles/services/vehicleService.ts","statementMap":{"0":{"start":{"line":11,"column":2},"end":{"line":19,"column":22}},"1":{"start":{"line":16,"column":18},"end":{"line":16,"column":75}},"2":{"start":{"line":17,"column":6},"end":{"line":17,"column":17}},"3":{"start":{"line":8,"column":0},"end":{"line":8,"column":24}}},"fnMap":{"0":{"name":"vehicleService","decl":{"start":{"line":8,"column":24},"end":{"line":8,"column":38}},"loc":{"start":{"line":9,"column":40},"end":{"line":20,"column":1}}},"1":{"name":"(anonymous_1)","decl":{"start":{"line":12,"column":16},"end":{"line":12,"column":21}},"loc":{"start":{"line":15,"column":33},"end":{"line":18,"column":5}}}},"branchMap":{},"s":{"0":2,"1":0,"2":0,"3":1},"f":{"0":2,"1":0},"b":{}}
}
