TN:
SF:src/index.ts
FN:35,(anonymous_1)
FNF:1
FNH:0
FNDA:0,(anonymous_1)
DA:1,0
DA:2,0
DA:3,0
DA:4,0
DA:6,0
DA:7,0
DA:8,0
DA:9,0
DA:10,0
DA:12,0
DA:14,0
DA:16,0
DA:18,0
DA:20,0
DA:23,0
DA:29,0
DA:31,0
DA:33,0
DA:35,0
DA:36,0
LF:20
LH:0
BRDA:14,0,0,0
BRDA:14,0,1,0
BRF:2
BRH:0
end_of_record
TN:
SF:src/components/Statelogs/index.ts
FNF:0
FNH:0
DA:1,1
DA:5,1
LF:2
LH:2
BRF:0
BRH:0
end_of_record
TN:
SF:src/components/Statelogs/models/StateLog.ts
FN:13,(anonymous_2)
FNF:1
FNH:0
FNDA:0,(anonymous_2)
DA:1,2
DA:2,2
DA:5,2
DA:11,2
DA:13,0
DA:15,2
DA:18,2
DA:21,2
LF:8
LH:7
BRF:0
BRH:0
end_of_record
TN:
SF:src/components/Statelogs/repository/mostRecentPriorQuery.ts
FN:4,mostRecentPriorState
FNF:1
FNH:0
FNDA:0,mostRecentPriorState
DA:1,2
DA:4,2
DA:8,0
LF:3
LH:2
BRF:0
BRH:0
end_of_record
TN:
SF:src/components/Statelogs/repository/stateLogRepository.ts
FN:9,(anonymous_1)
FNF:1
FNH:1
FNDA:2,(anonymous_1)
DA:2,2
DA:8,2
DA:13,2
DA:14,2
DA:15,1
LF:5
LH:5
BRDA:14,0,0,1
BRF:1
BRH:1
end_of_record
TN:
SF:src/components/Vehicles/routes.ts
FNF:0
FNH:0
DA:1,0
DA:2,0
DA:3,0
DA:4,0
DA:6,0
DA:8,0
DA:10,0
DA:12,0
LF:8
LH:0
BRF:0
BRH:0
end_of_record
TN:
SF:src/components/Vehicles/controllers/GetVehicle.ts
FN:7,dateIsValid
FN:16,getCurrentDate
FN:21,GetVehicle
FN:24,(anonymous_4)
FNF:4
FNH:4
FNDA:4,dateIsValid
FNDA:1,getCurrentDate
FNDA:2,GetVehicle
FNDA:4,(anonymous_4)
DA:1,1
DA:4,1
DA:9,4
DA:10,4
DA:11,4
DA:17,1
DA:18,1
DA:21,1
DA:24,2
DA:25,4
DA:26,4
DA:28,4
DA:29,4
DA:32,4
DA:33,4
DA:35,4
DA:36,1
DA:37,1
DA:40,1
DA:43,3
DA:45,2
DA:46,2
DA:48,1
DA:49,1
LF:24
LH:24
BRDA:12,0,0,4
BRDA:12,0,1,4
BRDA:12,0,2,4
BRDA:33,1,0,4
BRDA:33,1,1,1
BRDA:35,2,0,1
BRF:6
BRH:6
end_of_record
TN:
SF:src/components/Vehicles/models/Vehicle.ts
FNF:0
FNH:0
DA:1,2
DA:4,2
DA:6,2
DA:9,2
DA:12,2
DA:15,2
LF:6
LH:6
BRF:0
BRH:0
end_of_record
TN:
SF:src/components/Vehicles/services/vehicleService.ts
FN:8,vehicleService
FN:12,(anonymous_1)
FNF:2
FNH:1
FNDA:2,vehicleService
FNDA:0,(anonymous_1)
DA:8,1
DA:11,2
DA:16,0
DA:17,0
LF:4
LH:2
BRF:0
BRH:0
end_of_record
